<?xml version="1.0" encoding="UTF-8"?>
<!DOCTYPE suite SYSTEM "http://testng.org/testng-1.0.dtd">
<suite name="HRM Application Suite">
    <test name="Test Login App">
        <classes>
            <class name="com.example.SeleniumTest"/>
        </classes>
    </test> <!-- Test -->
</suite> <!-- Suite -->